<?xml version="1.0" encoding="UTF-8"?>
<!-- Generated by org.testng.reporters.JUnitReportReporter -->
<testsuite hostname="DESKTOP-VKUUCE7" failures="0" tests="3" name="RestTesting.Trello" time="1.979" errors="0" timestamp="2022-03-17T00:41:09 IST" skipped="0">
  <testcase classname="RestTesting.Trello" name="createBoard" time="0.689"/>
  <system-out/>
  <testcase classname="RestTesting.Trello" name="getBoard" time="0.547"/>
  <system-out/>
  <testcase classname="RestTesting.Trello" name="DeleteBoard" time="0.743"/>
  <system-out/>
</testsuite> <!-- RestTesting.Trello -->
