<?xml version="1.0" encoding="UTF-8"?>
<!-- Generated by org.testng.reporters.JUnitReportReporter -->
<testsuite hostname="DESKTOP-VKUUCE7" failures="0" tests="2" name="RestTesting.E_Commerce" time="12.782" errors="0" timestamp="2022-03-15T16:49:20 IST" skipped="0">
  <testcase classname="RestTesting.E_Commerce" name="signup" time="8.584"/>
  <system-out/>
  <testcase classname="RestTesting.E_Commerce" name="Login" time="4.198"/>
  <system-out/>
</testsuite> <!-- RestTesting.E_Commerce -->
