<?xml version="1.0" encoding="UTF-8"?>
<!-- Generated by org.testng.reporters.JUnitReportReporter -->
<testsuite hostname="DESKTOP-VKUUCE7" failures="0" tests="2" name="RestTesting.E_Commerce" time="14.797" errors="0" timestamp="2022-03-16T23:03:48 IST" skipped="0">
  <testcase classname="RestTesting.E_Commerce" name="signup" time="10.286"/>
  <system-out/>
  <testcase classname="RestTesting.E_Commerce" name="Login" time="4.511"/>
  <system-out/>
</testsuite> <!-- RestTesting.E_Commerce -->
