<?xml version="1.0" encoding="UTF-8"?>
<!-- Generated by org.testng.reporters.JUnitReportReporter -->
<testsuite hostname="DESKTOP-VKUUCE7" failures="0" tests="3" name="RestTesting.Trello" time="6.294" errors="0" timestamp="2022-03-16T23:02:04 IST" skipped="0">
  <testcase classname="RestTesting.Trello" name="createBoard" time="3.990"/>
  <system-out/>
  <testcase classname="RestTesting.Trello" name="getBoard" time="0.786"/>
  <system-out/>
  <testcase classname="RestTesting.Trello" name="DeleteBoard" time="1.518"/>
  <system-out/>
</testsuite> <!-- RestTesting.Trello -->
