<?xml version="1.0" encoding="UTF-8"?>
<!-- Generated by org.testng.reporters.JUnitReportReporter -->
<testsuite hostname="DESKTOP-VKUUCE7" failures="0" tests="2" name="RestTesting.TestNG" time="0.014" errors="0" timestamp="2022-03-14T16:48:30 IST" skipped="0">
  <testcase classname="RestTesting.TestNG" name="testcase1" time="0.009"/>
  <system-out/>
  <testcase classname="RestTesting.TestNG" name="testcase2" time="0.005"/>
  <system-out/>
</testsuite> <!-- RestTesting.TestNG -->
