<?xml version="1.0" encoding="UTF-8"?>
<!-- Generated by org.testng.reporters.JUnitReportReporter -->
<testsuite hostname="DESKTOP-VKUUCE7" failures="0" tests="3" name="RestTesting.Trello" time="5.498" errors="0" timestamp="2022-03-15T13:01:17 IST" skipped="0">
  <testcase classname="RestTesting.Trello" name="createBoard" time="3.852"/>
  <system-out/>
  <testcase classname="RestTesting.Trello" name="getBoard" time="0.840"/>
  <system-out/>
  <testcase classname="RestTesting.Trello" name="DeleteBoard" time="0.806"/>
  <system-out/>
</testsuite> <!-- RestTesting.Trello -->
