<?xml version="1.0" encoding="UTF-8"?>
<!-- Generated by org.testng.reporters.JUnitReportReporter -->
<testsuite hostname="DESKTOP-VKUUCE7" failures="0" tests="4" name="RestTesting.E_Commerce" time="10.267" errors="0" timestamp="2022-03-17T00:41:09 IST" skipped="1">
  <testcase classname="RestTesting.E_Commerce" name="Login" time="5.980"/>
  <system-out/>
  <testcase classname="RestTesting.E_Commerce" name="getallusers" time="2.730"/>
  <system-out/>
  <testcase classname="RestTesting.E_Commerce" name="delete" time="1.557"/>
  <system-out/>
  <testcase classname="RestTesting.E_Commerce" name="signup">
    <skipped/>
  </testcase> <!-- signup -->
  <system-out/>
</testsuite> <!-- RestTesting.E_Commerce -->
